<?xml version="1.0" encoding="UTF-8"?>
<!-- Generated by org.testng.reporters.JUnitReportReporter -->
<testsuite hostname="DESKTOP-5JG36RO" failures="0" tests="4" name="testcases.RegisterTest" time="146.618" errors="0" timestamp="2024-09-24T10:12:21 IST" skipped="0">
  <testcase classname="testcases.RegisterTest" name="verifyRegisteringAccount" time="29.251"/>
  <testcase classname="testcases.RegisterTest" name="verifyRegisterallFeilds" time="18.258"/>
  <testcase classname="testcases.RegisterTest" name="registeringWithExsistingEmail" time="77.771"/>
  <testcase classname="testcases.RegisterTest" name="registerWithNoDetails" time="21.338"/>
</testsuite> <!-- testcases.RegisterTest -->
