<?xml version="1.0" encoding="UTF-8"?>
<!-- Generated by org.testng.reporters.JUnitReportReporter -->
<testsuite hostname="DESKTOP-5JG36RO" failures="0" tests="3" name="testcases.SearchTest" time="40.592" errors="0" timestamp="2024-09-23T09:48:30 IST" skipped="0">
  <testcase classname="testcases.SearchTest" name="verifySearchWithVaildProduct" time="12.775"/>
  <system-out/>
  <testcase classname="testcases.SearchTest" name="verifySearchWithNonExixtingProd" time="13.068"/>
  <system-out/>
  <testcase classname="testcases.SearchTest" name="verifySearchWithOutProduct" time="14.749"/>
  <system-out/>
</testsuite> <!-- testcases.SearchTest -->
