<?xml version="1.0" encoding="UTF-8"?>
<!-- Generated by org.testng.reporters.JUnitReportReporter -->
<testsuite hostname="DESKTOP-5JG36RO" failures="0" tests="1" name="testcases.LoginTest" time="12.627" errors="0" timestamp="2024-09-23T11:52:02 IST" skipped="0">
  <testcase classname="testcases.LoginTest" name="verifyLoginwithNoEmailandPass" time="12.627"/>
</testsuite> <!-- testcases.LoginTest -->
