<?xml version="1.0" encoding="UTF-8"?>
<!-- Generated by org.testng.reporters.JUnitReportReporter -->
<testsuite hostname="DESKTOP-5JG36RO" failures="0" tests="3" name="testcases.SearchTest" time="39.278" errors="0" timestamp="2024-09-23T10:59:52 IST" skipped="0">
  <testcase classname="testcases.SearchTest" name="verifySearchWithVaildProduct" time="13.126"/>
  <testcase classname="testcases.SearchTest" name="verifySearchWithNonExixtingProd" time="13.705"/>
  <testcase classname="testcases.SearchTest" name="verifySearchWithOutProduct" time="12.447"/>
</testsuite> <!-- testcases.SearchTest -->
