<?xml version="1.0" encoding="UTF-8"?>
<!-- Generated by org.testng.reporters.JUnitReportReporter -->
<testsuite hostname="DESKTOP-5JG36RO" failures="0" tests="4" name="testcases.RegisterTest" time="62.769" errors="0" timestamp="2024-09-23T09:48:30 IST" skipped="0">
  <testcase classname="testcases.RegisterTest" name="verifyRegisteringAccount" time="15.581"/>
  <system-out/>
  <testcase classname="testcases.RegisterTest" name="verifyRegisterallFeilds" time="15.830"/>
  <system-out/>
  <testcase classname="testcases.RegisterTest" name="registeringWithExsistingEmail" time="12.033"/>
  <system-out/>
  <testcase classname="testcases.RegisterTest" name="registerWithNoDetails" time="19.325"/>
  <system-out/>
</testsuite> <!-- testcases.RegisterTest -->
