<?xml version="1.0" encoding="UTF-8"?>
<!-- Generated by org.testng.reporters.JUnitReportReporter -->
<testsuite hostname="DESKTOP-5JG36RO" failures="0" tests="3" name="testcases.SearchTest" time="35.728" errors="0" timestamp="2024-09-24T10:12:21 IST" skipped="0">
  <testcase classname="testcases.SearchTest" name="verifySearchWithVaildProduct" time="13.157"/>
  <testcase classname="testcases.SearchTest" name="verifySearchWithNonExixtingProd" time="9.811"/>
  <testcase classname="testcases.SearchTest" name="verifySearchWithOutProduct" time="12.760"/>
</testsuite> <!-- testcases.SearchTest -->
