<?xml version="1.0" encoding="UTF-8"?>
<!-- Generated by org.testng.reporters.JUnitReportReporter -->
<testsuite hostname="DESKTOP-5JG36RO" failures="0" tests="8" name="testcases.LoginTest" time="139.126" errors="0" timestamp="2024-09-24T10:12:21 IST" skipped="0">
  <testcase classname="testcases.LoginTest" name="verifyLoginValidCred" time="17.894"/>
  <testcase classname="testcases.LoginTest" name="verifyLoginValidCred" time="19.278"/>
  <testcase classname="testcases.LoginTest" name="verifyLoginValidCred" time="17.506"/>
  <testcase classname="testcases.LoginTest" name="verifyLoginValidCred" time="17.989"/>
  <testcase classname="testcases.LoginTest" name="loginInvaildCred" time="21.186"/>
  <testcase classname="testcases.LoginTest" name="verifyLoginvalidemailInvalidPassword" time="13.806"/>
  <testcase classname="testcases.LoginTest" name="verifyLoginInvalidemailvalidPassword" time="17.903"/>
  <testcase classname="testcases.LoginTest" name="verifyLoginwithNoEmailandPass" time="13.564"/>
</testsuite> <!-- testcases.LoginTest -->
