<?xml version="1.0" encoding="UTF-8"?>
<!-- Generated by org.testng.reporters.JUnitReportReporter -->
<testsuite hostname="DESKTOP-5JG36RO" failures="0" tests="3" name="testcases.SearchTest" time="38.353" errors="0" timestamp="2024-09-24T10:17:23 IST" skipped="0">
  <testcase classname="testcases.SearchTest" name="verifySearchWithVaildProduct" time="15.808"/>
  <system-out/>
  <testcase classname="testcases.SearchTest" name="verifySearchWithNonExixtingProd" time="9.956"/>
  <system-out/>
  <testcase classname="testcases.SearchTest" name="verifySearchWithOutProduct" time="12.589"/>
  <system-out/>
</testsuite> <!-- testcases.SearchTest -->
