<?xml version="1.0" encoding="UTF-8"?>
<!-- Generated by org.testng.reporters.JUnitReportReporter -->
<testsuite hostname="DESKTOP-5JG36RO" failures="0" tests="4" name="testcases.RegisterTest" time="49.413" errors="0" timestamp="2024-09-24T10:17:23 IST" skipped="0">
  <testcase classname="testcases.RegisterTest" name="verifyRegisteringAccount" time="13.710"/>
  <system-out/>
  <testcase classname="testcases.RegisterTest" name="verifyRegisterallFeilds" time="13.001"/>
  <system-out/>
  <testcase classname="testcases.RegisterTest" name="registeringWithExsistingEmail" time="10.705"/>
  <system-out/>
  <testcase classname="testcases.RegisterTest" name="registerWithNoDetails" time="11.997"/>
  <system-out/>
</testsuite> <!-- testcases.RegisterTest -->
