<?xml version="1.0" encoding="UTF-8"?>
<!-- Generated by org.testng.reporters.JUnitReportReporter -->
<testsuite hostname="DESKTOP-5JG36RO" failures="0" tests="4" name="testcases.RegisterTest" time="65.842" errors="0" timestamp="2024-09-23T15:54:06 IST" skipped="0">
  <testcase classname="testcases.RegisterTest" name="verifyRegisteringAccount" time="12.644"/>
  <system-out/>
  <testcase classname="testcases.RegisterTest" name="verifyRegisterallFeilds" time="21.448"/>
  <system-out/>
  <testcase classname="testcases.RegisterTest" name="registeringWithExsistingEmail" time="15.967"/>
  <system-out/>
  <testcase classname="testcases.RegisterTest" name="registerWithNoDetails" time="15.783"/>
  <system-out/>
</testsuite> <!-- testcases.RegisterTest -->
