<?xml version="1.0" encoding="UTF-8"?>
<!-- Generated by org.testng.reporters.JUnitReportReporter -->
<testsuite hostname="DESKTOP-5JG36RO" failures="0" tests="3" name="testcases.SearchTest" time="39.159" errors="0" timestamp="2024-09-23T15:54:06 IST" skipped="0">
  <testcase classname="testcases.SearchTest" name="verifySearchWithVaildProduct" time="12.131"/>
  <system-out/>
  <testcase classname="testcases.SearchTest" name="verifySearchWithNonExixtingProd" time="15.879"/>
  <system-out/>
  <testcase classname="testcases.SearchTest" name="verifySearchWithOutProduct" time="11.149"/>
  <system-out/>
</testsuite> <!-- testcases.SearchTest -->
