<?xml version="1.0" encoding="UTF-8"?>
<!-- Generated by org.testng.reporters.JUnitReportReporter -->
<testsuite hostname="DESKTOP-5JG36RO" failures="0" tests="8" name="testcases.LoginTest" time="129.388" errors="0" timestamp="2024-09-23T15:54:06 IST" skipped="0">
  <testcase classname="testcases.LoginTest" name="verifyLoginValidCred" time="12.666"/>
  <system-out/>
  <testcase classname="testcases.LoginTest" name="verifyLoginValidCred" time="20.538"/>
  <system-out/>
  <testcase classname="testcases.LoginTest" name="verifyLoginValidCred" time="11.590"/>
  <system-out/>
  <testcase classname="testcases.LoginTest" name="verifyLoginValidCred" time="16.519"/>
  <system-out/>
  <testcase classname="testcases.LoginTest" name="loginInvaildCred" time="25.368"/>
  <system-out/>
  <testcase classname="testcases.LoginTest" name="verifyLoginvalidemailInvalidPassword" time="18.612"/>
  <system-out/>
  <testcase classname="testcases.LoginTest" name="verifyLoginInvalidemailvalidPassword" time="11.396"/>
  <system-out/>
  <testcase classname="testcases.LoginTest" name="verifyLoginwithNoEmailandPass" time="12.699"/>
  <system-out/>
</testsuite> <!-- testcases.LoginTest -->
