<?xml version="1.0" encoding="UTF-8"?>
<!-- Generated by org.testng.reporters.JUnitReportReporter -->
<testsuite hostname="DESKTOP-5JG36RO" failures="0" tests="8" name="testcases.LoginTest" time="108.464" errors="0" timestamp="2024-09-24T10:17:23 IST" skipped="0">
  <testcase classname="testcases.LoginTest" name="verifyLoginValidCred" time="13.168"/>
  <system-out/>
  <testcase classname="testcases.LoginTest" name="verifyLoginValidCred" time="11.242"/>
  <system-out/>
  <testcase classname="testcases.LoginTest" name="verifyLoginValidCred" time="14.625"/>
  <system-out/>
  <testcase classname="testcases.LoginTest" name="verifyLoginValidCred" time="15.208"/>
  <system-out/>
  <testcase classname="testcases.LoginTest" name="loginInvaildCred" time="14.986"/>
  <system-out/>
  <testcase classname="testcases.LoginTest" name="verifyLoginvalidemailInvalidPassword" time="13.099"/>
  <system-out/>
  <testcase classname="testcases.LoginTest" name="verifyLoginInvalidemailvalidPassword" time="13.126"/>
  <system-out/>
  <testcase classname="testcases.LoginTest" name="verifyLoginwithNoEmailandPass" time="13.010"/>
  <system-out/>
</testsuite> <!-- testcases.LoginTest -->
